<?xml version="1.0" encoding="UTF-8"?>
<testsuite xmlns:xsi="http://www.w3.org/2001/XMLSchema-instance" xsi:noNamespaceSchemaLocation="https://maven.apache.org/surefire/maven-surefire-plugin/xsd/surefire-test-report.xsd" name="TestSuite" time="11.176" tests="1" errors="0" skipped="0" failures="1">
  <properties>
[...]
</properties>
  <testcase name="validationCheck" classname="tests.validation.WeatherValidationTest" time="7.699">
    <failure message="Arrays differ at element [1]: אשדוד !=  expected [אשדוד] but found []" type="java.lang.AssertionError">java.lang.AssertionError: Arrays differ at element [1]: אשדוד !=  expected [אשדוד] but found []
	at tests.validation.WeatherValidationTest.validationCheck(WeatherValidationTest.java:14)
</failure>
    <system-out><![CDATA[expectedCityArray *********  אילת
actualCitys[i] *********  אילת  at index : 0
expectedCityArray *********  אשדוד
expectedCityArray *********  באר שבע
expectedCityArray *********  חיפה
expectedCityArray *********  טבריה
expectedCityArray *********  ירושלים
expectedCityArray *********  צפת
expectedCityArray *********  תל אביב - ויפו
expectedCityArray *********  אילת
expectedCityArray *********  אשדוד
expectedCityArray *********  באר שבע
expectedCityArray *********  חיפה
expectedCityArray *********  טבריה
expectedCityArray *********  ירושלים
expectedCityArray *********  צפת
expectedCityArray *********  תל אביב - ויפו
expectedCityArray *********  אילת
expectedCityArray *********  אשדוד
expectedCityArray *********  באר שבע
expectedCityArray *********  חיפה
expectedCityArray *********  טבריה
expectedCityArray *********  ירושלים
expectedCityArray *********  צפת
expectedCityArray *********  תל אביב - ויפו
expectedCityArray *********  אילת
expectedCityArray *********  אשדוד
expectedCityArray *********  באר שבע
expectedCityArray *********  חיפה
expectedCityArray *********  טבריה
expectedCityArray *********  ירושלים
expectedCityArray *********  צפת
expectedCityArray *********  תל אביב - ויפו
expectedCityArray *********  אילת
expectedCityArray *********  אשדוד
expectedCityArray *********  באר שבע
expectedCityArray *********  חיפה
expectedCityArray *********  טבריה
expectedCityArray *********  ירושלים
expectedCityArray *********  צפת
expectedCityArray *********  תל אביב - ויפו
expectedCityArray *********  אילת
expectedCityArray *********  אשדוד
expectedCityArray *********  באר שבע
expectedCityArray *********  חיפה
expectedCityArray *********  טבריה
expectedCityArray *********  ירושלים
expectedCityArray *********  צפת
expectedCityArray *********  תל אביב - ויפו
expectedCityArray *********  אילת
expectedCityArray *********  אשדוד
expectedCityArray *********  באר שבע
expectedCityArray *********  חיפה
expectedCityArray *********  טבריה
expectedCityArray *********  ירושלים
expectedCityArray *********  צפת
expectedCityArray *********  תל אביב - ויפו
expectedCityArray *********  אילת
expectedCityArray *********  אשדוד
expectedCityArray *********  באר שבע
expectedCityArray *********  חיפה
expectedCityArray *********  טבריה
expectedCityArray *********  ירושלים
expectedCityArray *********  צפת
expectedCityArray *********  תל אביב - ויפו
]]></system-out>
    <system-err><![CDATA[log4j:WARN No appenders could be found for logger (io.netty.util.internal.logging.InternalLoggerFactory).
log4j:WARN Please initialize the log4j system properly.
log4j:WARN See http://logging.apache.org/log4j/1.2/faq.html#noconfig for more info.
Starting ChromeDriver 95.0.4638.69 (6a1600ed572fedecd573b6c2b90a22fe6392a410-refs/branch-heads/4638@{#984}) on port 50621
Only local connections are allowed.
Please see https://chromedriver.chromium.org/security-considerations for suggestions on keeping ChromeDriver safe.
ChromeDriver was started successfully.
[1640292229.145][WARNING]: This version of ChromeDriver has not been tested with Chrome version 96.
Dec 23, 2021 10:43:49 PM org.openqa.selenium.remote.ProtocolHandshake createSession
INFO: Detected dialect: W3C
Dec 23, 2021 10:43:49 PM org.openqa.selenium.devtools.CdpVersionFinder findNearestMatch
WARNING: Unable to find an exact match for CDP version 96, so returning the closest version found: 95
Dec 23, 2021 10:43:49 PM org.openqa.selenium.devtools.CdpVersionFinder findNearestMatch
INFO: Found CDP implementation for version 96 of 95
]]></system-err>
  </testcase>
</testsuite>