-------------------------------------------------------------------------------
Test set: TestSuite
-------------------------------------------------------------------------------
Tests run: 1, Failures: 1, Errors: 0, Skipped: 0, Time elapsed: 11.176 s <<< FAILURE! - in TestSuite
validationCheck(tests.validation.WeatherValidationTest)  Time elapsed: 7.699 s  <<< FAILURE!
java.lang.AssertionError: Arrays differ at element [1]: אשדוד !=  expected [אשדוד] but found []
	at tests.validation.WeatherValidationTest.validationCheck(WeatherValidationTest.java:14)

